<?xml version="1.0" encoding="UTF-8"?>
<!-- Generated by org.testng.reporters.JUnitReportReporter -->
<testsuite name="com.org.PageObjectModel.MyPOMProject.DC4PREPRODTest" tests="4" time="8.363" ignored="0" failures="0" timestamp="14 Apr 2017 04:46:06 GMT" skipped="0" hostname="PUN-2CBXJC2" errors="0">
  <testcase name="typeCompanyNameInTextBox" time="0.193" classname="com.org.PageObjectModel.MyPOMProject.DC4PREPRODTest"/>
  <testcase name="clickOnDC4Tab" time="3.125" classname="com.org.PageObjectModel.MyPOMProject.DC4PREPRODTest"/>
  <testcase name="testLogin" time="4.491" classname="com.org.PageObjectModel.MyPOMProject.DC4PREPRODTest"/>
  <testcase name="clickOnSearchButton" time="0.554" classname="com.org.PageObjectModel.MyPOMProject.DC4PREPRODTest"/>
</testsuite> <!-- com.org.PageObjectModel.MyPOMProject.DC4PREPRODTest -->
