<?xml version="1.0" encoding="UTF-8"?>
<!-- Generated by org.testng.reporters.JUnitReportReporter -->
<testsuite name="com.org.PageObjectModel.MyPOMProject.DC4PRODTest" tests="1" time="4.669" ignored="0" failures="0" timestamp="08 Apr 2017 06:21:41 GMT" skipped="0" hostname="PUN-5T6WH32" errors="0">
  <testcase name="testLogin" time="4.669" classname="com.org.PageObjectModel.MyPOMProject.DC4PRODTest"/>
</testsuite> <!-- com.org.PageObjectModel.MyPOMProject.DC4PRODTest -->
